<?xml version="1.0" encoding="UTF-8"?>
<!-- Generated by org.testng.reporters.JUnitReportReporter -->
<testsuite ignored="3" hostname="admins-MacBook-Pro.local" failures="0" tests="2" name="tests.LoginTests_new" time="22.255" errors="0" timestamp="05 мая 2020 01:40:17 GMT" skipped="0">
  <testcase classname="tests.LoginTests_new" name="new_loginTest_incorrectCredentials_notLoggedToApp" time="7.766"/>
  <testcase classname="tests.LoginTests_new" name="new_loginTest_correctCredentials_loggedToApp" time="14.489"/>
  <testcase classname="tests.LoginTests" name="test_Sum">
    <skipped/>
  </testcase> <!-- test_Sum -->
  <testcase classname="tests.LoginTests" name="test_StringSum">
    <skipped/>
  </testcase> <!-- test_StringSum -->
  <testcase classname="tests.LoginTests" name="test_Fails">
    <skipped/>
  </testcase> <!-- test_Fails -->
</testsuite> <!-- tests.LoginTests_new -->
