<?xml version="1.0" encoding="UTF-8"?>
<!-- Generated by org.testng.reporters.JUnitReportReporter -->
<testsuite hostname="MacBook-Pro.local" failures="0" tests="3" name="tests.HomepageTests" time="45.249" errors="0" timestamp="2020-05-01T20:18:05 PDT" skipped="0">
  <testcase classname="tests.HomepageTests" name="loginTest_createNewPlaylist_newPlaylistCreated" time="16.604"/>
  <system-out/>
  <testcase classname="tests.HomepageTests" name="scrollDown" time="16.252"/>
  <system-out/>
  <testcase classname="tests.HomepageTests" name="addSongToPlaylist_byMenuButton_CreatePLaylist_thenAddSong" time="12.393"/>
  <system-out/>
</testsuite> <!-- tests.HomepageTests -->
