<?xml version="1.0" encoding="UTF-8"?>
<!-- Generated by org.testng.reporters.JUnitReportReporter -->
<testsuite ignored="3" hostname="DESKTOP-1TJR8E3" failures="0" tests="2" name="tests.LoginTests" time="18.004" errors="0" timestamp="04 May 2020 01:08:05 GMT" skipped="0">
  <testcase classname="tests.LoginTests" name="loginTest_incorrectCredentials_notLoggedToApp" time="7.208"/>
  <testcase classname="tests.LoginTests" name="loginTest_correctCredentials_loggedToApp" time="10.796"/>
  <testcase classname="tests.LoginTests" name="test_Sum">
    <skipped/>
  </testcase> <!-- test_Sum -->
  <testcase classname="tests.LoginTests" name="test_StringSum">
    <skipped/>
  </testcase> <!-- test_StringSum -->
  <testcase classname="tests.LoginTests" name="test_Fails">
    <skipped/>
  </testcase> <!-- test_Fails -->
</testsuite> <!-- tests.LoginTests -->
