<?xml version="1.0" encoding="UTF-8"?>
<!-- Generated by org.testng.reporters.JUnitReportReporter -->
<testsuite hostname="MacBook-Pro.local" failures="0" tests="2" name="tests.HomepageTests_new" time="36.069" errors="0" timestamp="2020-05-01T20:18:05 PDT" skipped="0">
  <testcase classname="tests.HomepageTests_new" name="new_loginTest_createNewPlaylist_newPlaylistCreated" time="19.150"/>
  <system-out/>
  <testcase classname="tests.HomepageTests_new" name="new_scrollDown" time="16.919"/>
  <system-out/>
</testsuite> <!-- tests.HomepageTests_new -->
