<?xml version="1.0" encoding="UTF-8"?>
<!-- Generated by org.testng.reporters.JUnitReportReporter -->
<testsuite hostname="MacBook-Pro.local" failures="0" tests="2" name="tests.LoginTests_new" time="31.183" errors="0" timestamp="2020-05-01T20:18:05 PDT" skipped="0">
  <testcase classname="tests.LoginTests_new" name="new_loginTest_incorrectCredentials_notLoggedToApp" time="13.165"/>
  <system-out/>
  <testcase classname="tests.LoginTests_new" name="new_loginTest_correctCredentials_loggedToApp" time="18.018"/>
  <system-out/>
</testsuite> <!-- tests.LoginTests_new -->
