<?xml version="1.0" encoding="UTF-8"?>
<!-- Generated by org.testng.reporters.JUnitReportReporter -->
<testsuite ignored="3" hostname="DESKTOP-1TJR8E3" failures="0" tests="2" name="tests.LoginTests_new" time="16.501" errors="0" timestamp="04 May 2020 01:08:05 GMT" skipped="0">
  <testcase classname="tests.LoginTests_new" name="new_loginTest_incorrectCredentials_notLoggedToApp" time="5.687"/>
  <testcase classname="tests.LoginTests_new" name="new_loginTest_correctCredentials_loggedToApp" time="10.814"/>
  <testcase classname="tests.LoginTests" name="test_Sum">
    <skipped/>
  </testcase> <!-- test_Sum -->
  <testcase classname="tests.LoginTests" name="test_StringSum">
    <skipped/>
  </testcase> <!-- test_StringSum -->
  <testcase classname="tests.LoginTests" name="test_Fails">
    <skipped/>
  </testcase> <!-- test_Fails -->
</testsuite> <!-- tests.LoginTests_new -->
