<?xml version="1.0" encoding="UTF-8"?>
<!-- Generated by org.testng.reporters.JUnitReportReporter -->
<testsuite ignored="3" hostname="admins-MacBook-Pro.local" failures="0" tests="2" name="tests.LoginTests" time="19.445" errors="0" timestamp="05 мая 2020 01:36:19 GMT" skipped="0">
  <testcase classname="tests.LoginTests" name="loginTest_incorrectCredentials_notLoggedToApp" time="7.937"/>
  <testcase classname="tests.LoginTests" name="loginTest_correctCredentials_loggedToApp" time="11.508"/>
  <testcase classname="tests.LoginTests" name="test_Sum">
    <skipped/>
  </testcase> <!-- test_Sum -->
  <testcase classname="tests.LoginTests" name="test_StringSum">
    <skipped/>
  </testcase> <!-- test_StringSum -->
  <testcase classname="tests.LoginTests" name="test_Fails">
    <skipped/>
  </testcase> <!-- test_Fails -->
</testsuite> <!-- tests.LoginTests -->
