<?xml version="1.0" encoding="UTF-8"?>
<!-- Generated by org.testng.reporters.JUnitReportReporter -->
<testsuite hostname="DESKTOP-QPPOL30" failures="0" tests="2" name="tests.LoginTests_new" time="15.705" errors="0"
           timestamp="2020-05-02T11:51:47 PDT" skipped="0">
    <testcase classname="tests.LoginTests_new" name="loginTest_CorrectCredentials_LoggedToApp" time="9.495"/>
    <system-out/>
    <testcase classname="tests.LoginTests_new" name="loginTest_IncorrectCredentials_NotLoggedToApp" time="6.210"/>
    <system-out/>
</testsuite> <!-- tests.LoginTests_new -->
